╔═══════════════════════════════════════╗
║   Artifact-Driven CC Pipeline v2      ║
║   Project: swimlanes  
╚═══════════════════════════════════════╝
═══════════════════════════════════════
Phase 1 | Step: research
═══════════════════════════════════════
Waiting for CC to finish...
CC finished (shell prompt detected)
Step complete: phase 1 / research
═══════════════════════════════════════
Phase 1 | Step: plan
═══════════════════════════════════════
Waiting for CC to finish...
CC finished (shell prompt detected)
Step complete: phase 1 / plan
═══════════════════════════════════════
Phase 1 | Step: build
═══════════════════════════════════════
Waiting for CC to finish...
CC finished (shell prompt detected)
Step complete: phase 1 / build
═══════════════════════════════════════
Phase 1 | Step: review
═══════════════════════════════════════
Waiting for CC to finish...
CC finished (shell prompt detected)
Step complete: phase 1 / review
═══════════════════════════════════════
Phase 1 | Step: reflect
═══════════════════════════════════════
Waiting for CC to finish...
CC finished (shell prompt detected)
Step complete: phase 1 / reflect
Phase 1 complete! Advancing...
═══════════════════════════════════════
Phase 2 | Step: spec
═══════════════════════════════════════
Waiting for CC to finish...
CC finished (shell prompt detected)
Step complete: phase 2 / spec
═══════════════════════════════════════
Phase 2 | Step: research
═══════════════════════════════════════
Waiting for CC to finish...
CC finished (shell prompt detected)
Step complete: phase 2 / research
═══════════════════════════════════════
Phase 2 | Step: plan
═══════════════════════════════════════
Waiting for CC to finish...
CC finished (shell prompt detected)
Step complete: phase 2 / plan
═══════════════════════════════════════
Phase 2 | Step: build
═══════════════════════════════════════
Waiting for CC to finish...
CC finished (shell prompt detected)
Step complete: phase 2 / build
═══════════════════════════════════════
Phase 2 | Step: review
═══════════════════════════════════════
Waiting for CC to finish...
CC finished (shell prompt detected)
Step complete: phase 2 / review
═══════════════════════════════════════
Phase 2 | Step: reflect
═══════════════════════════════════════
Waiting for CC to finish...
CC finished (shell prompt detected)
Step complete: phase 2 / reflect
Phase 2 complete! Advancing...
═══════════════════════════════════════
Phase 3 | Step: spec
═══════════════════════════════════════
Waiting for CC to finish...
CC finished (shell prompt detected)
Step complete: phase 3 / spec
═══════════════════════════════════════
Phase 3 | Step: research
═══════════════════════════════════════
Waiting for CC to finish...
CC finished (shell prompt detected)
Step complete: phase 3 / research
═══════════════════════════════════════
Phase 3 | Step: plan
═══════════════════════════════════════
Waiting for CC to finish...
CC finished (shell prompt detected)
Step complete: phase 3 / plan
═══════════════════════════════════════
Phase 3 | Step: build
═══════════════════════════════════════
Waiting for CC to finish...
